2011-09-29 17:17:59, INFO, com.streambase.sb.sbfit.common.util.SBARCache, 47, c.s.s.s.c.u.SBARCache, getSBAR Hashed sbarName: /Users/haydens/work/svn/services/customers/Manulife/sbfit/SbFit/build/sbars/null-default--228679422.sbar
2011-09-29 17:17:59, INFO, com.streambase.sb.sbfit.common.util.SBARCache, 49, c.s.s.s.c.u.SBARCache, getSBAR Generating: /Users/haydens/work/svn/services/customers/Manulife/sbfit/SbFit/build/sbars/null-default--228679422.sbar
2011-09-29 17:17:59, INFO, com.streambase.sb.sbfit.common.util.SBARCache, 57, c.s.s.s.c.u.SBARCache, generateSBAR Current workding dir is: /Users/haydens/work/svn/services/customers/Manulife/sbfit/SbFit/.
2011-09-29 17:17:59, INFO, com.streambase.sb.sbfit.common.util.SBARCache, 58, c.s.s.s.c.u.SBARCache, generateSBAR app file is: SbFit.sbapp
2011-09-29 17:17:59, INFO, com.streambase.sb.sbfit.common.util.SBARCache, 114, c.s.s.s.c.u.SBARCache, execSBARGen sbargen command: sbargen --version
2011-09-29 17:18:00, INFO, com.streambase.sb.sbfit.common.util.SBARCache, 123, c.s.s.s.c.u.SBARCache, execSBARGen sbargen stdout:
StreamBase 7.1.3.1 110727

2011-09-29 17:18:00, INFO, com.streambase.sb.sbfit.common.util.SBARCache, 124, c.s.s.s.c.u.SBARCache, execSBARGen sbargen stderr:

2011-09-29 17:18:00, INFO, com.streambase.sb.sbfit.common.util.SBARCache, 114, c.s.s.s.c.u.SBARCache, execSBARGen sbargen command: sbargen --if-modified -f sbd.sbconf SbFit.sbapp /Users/haydens/work/svn/services/customers/Manulife/sbfit/SbFit/build/sbars/null-default--228679422.sbar
2011-09-29 17:18:02, INFO, com.streambase.sb.sbfit.common.util.SBARCache, 123, c.s.s.s.c.u.SBARCache, execSBARGen sbargen stdout:

2011-09-29 17:18:02, INFO, com.streambase.sb.sbfit.common.util.SBARCache, 124, c.s.s.s.c.u.SBARCache, execSBARGen sbargen stderr:
2011-09-29 13:18:02.078-0400 [main] INFO  c.s.sb.runtime.SBARGenerator - sbar does not need to be rebuilt

2011-09-29 17:18:02, INFO, com.streambase.sb.sbfit.common.util.SBARCache, 51, c.s.s.s.c.u.SBARCache, getSBAR Actual name: /Users/haydens/work/svn/services/customers/Manulife/sbfit/SbFit/build/sbars/null-default--228679422.sbar [took 2190ms]
2011-09-29 17:18:04, INFO, com.streambase.sb.sbfit.common.util.EmbeddedServerCache, 61, c.s.s.s.c.u.EmbeddedServerCache, getNewEmbeddedServer Starting SbFit.sbapp on port null with params: {}
2011-09-29 17:18:04, INFO, com.streambase.sb.sbfit.common.util.EmbeddedServerCache, 65, c.s.s.s.c.u.EmbeddedServerCache, getNewEmbeddedServer loadApp /Users/haydens/work/svn/services/customers/Manulife/sbfit/SbFit/build/sbars/null-default--228679422.sbar into container default
2011-09-29 17:18:05, INFO, com.streambase.sb.sbfit.fixtures.TouchFile, 33, c.s.s.s.f.TouchFile, doTable Touching file /Users/haydens/work/svn/services/customers/Manulife/sbfit/SbFit/touched
2011-09-29 17:18:05, INFO, com.streambase.sb.sbfit.fixtures.SbWithFixture, 842, c.s.s.s.f.SbWithFixture, unorderedDequeue unordered dequeue, header: [value, name, pi]
2011-09-29 17:18:05, INFO, com.streambase.sb.sbfit.fixtures.SbWithFixture, 891, c.s.s.s.f.SbWithFixture, getMappedCSVRowsFromTable csv row: [2, Irving, 3.14159]
2011-09-29 17:18:05, INFO, com.streambase.sb.sbfit.fixtures.SbWithFixture, 897, c.s.s.s.f.SbWithFixture, getMappedCSVRowsFromTable mapped csv row 2,3.14159,Irving,null
2011-09-29 17:18:05, INFO, com.streambase.sb.sbfit.fixtures.SbWithFixture, 891, c.s.s.s.f.SbWithFixture, getMappedCSVRowsFromTable csv row: [5, Irving, 3.14159]
2011-09-29 17:18:05, INFO, com.streambase.sb.sbfit.fixtures.SbWithFixture, 897, c.s.s.s.f.SbWithFixture, getMappedCSVRowsFromTable mapped csv row 5,3.14159,Irving,null
2011-09-29 17:18:05, INFO, com.streambase.sb.sbfit.fixtures.SbWithFixture, 781, c.s.s.s.f.SbWithFixture, notInDequeue unordered dequeue, header: [value, name, pi]
2011-09-29 17:18:05, INFO, com.streambase.sb.sbfit.fixtures.SbWithFixture, 891, c.s.s.s.f.SbWithFixture, getMappedCSVRowsFromTable csv row: [50, Irving, 3.14159]
2011-09-29 17:18:05, INFO, com.streambase.sb.sbfit.fixtures.SbWithFixture, 897, c.s.s.s.f.SbWithFixture, getMappedCSVRowsFromTable mapped csv row 50,3.14159,Irving,null
2011-09-29 17:18:05, INFO, com.streambase.sb.sbfit.fixtures.SbWithFixture, 781, c.s.s.s.f.SbWithFixture, notInDequeue unordered dequeue, header: [value, name, pi]
2011-09-29 17:18:05, INFO, com.streambase.sb.sbfit.fixtures.SbWithFixture, 891, c.s.s.s.f.SbWithFixture, getMappedCSVRowsFromTable csv row: [2, Irving, 3.14159]
2011-09-29 17:18:05, INFO, com.streambase.sb.sbfit.fixtures.SbWithFixture, 897, c.s.s.s.f.SbWithFixture, getMappedCSVRowsFromTable mapped csv row 2,3.14159,Irving,null
2011-09-29 17:18:05, INFO, com.streambase.sb.sbfit.fixtures.SbWithFixture, 891, c.s.s.s.f.SbWithFixture, getMappedCSVRowsFromTable csv row: [50, Irving, 3.14159]
2011-09-29 17:18:05, INFO, com.streambase.sb.sbfit.fixtures.SbWithFixture, 897, c.s.s.s.f.SbWithFixture, getMappedCSVRowsFromTable mapped csv row 50,3.14159,Irving,null
2011-09-29 17:18:06, INFO, com.streambase.sb.sbfit.fixtures.SbdStop, 33, c.s.s.s.f.SbdStop, doTable Running sbd stop mytest
